---------------------------------------------------------------
[ 2018-07-05T17:48:57+08:00 ] 127.0.0.1 GET /
[ sql ] [ DB ] CONNECT:[ UseTime:0.028001s ] mysql:host=192.168.36.201;dbname=shenlan;charset=utf8
[ sql ] [ SQL ] SHOW COLUMNS FROM `movies` [ RunTime:0.034002s ]
[ sql ] [ SQL ] SELECT * FROM `movies` WHERE  `display` = 0  AND `status` = 1 [ RunTime:0.002001s ]
[ sql ] [ SQL ] SHOW COLUMNS FROM `grade` [ RunTime:0.015000s ]
[ sql ] [ SQL ] SELECT * FROM `grade` WHERE  `mid` = 26 [ RunTime:0.002000s ]
[ sql ] [ SQL ] SELECT * FROM `grade` WHERE  `mid` = 31 [ RunTime:0.000000s ]
[ sql ] [ SQL ] SELECT * FROM `grade` WHERE  `mid` = 32 [ RunTime:0.001000s ]
[ sql ] [ SQL ] SELECT * FROM `grade` WHERE  `mid` = 33 [ RunTime:0.001000s ]
[ sql ] [ SQL ] SELECT * FROM `grade` WHERE  `mid` = 34 [ RunTime:0.000000s ]
[ sql ] [ SQL ] SELECT * FROM `grade` WHERE  `mid` = 35 [ RunTime:0.001001s ]
[ sql ] [ SQL ] SELECT * FROM `grade` WHERE  `mid` = 36 [ RunTime:0.001000s ]
[ sql ] [ SQL ] SELECT * FROM `grade` WHERE  `mid` = 37 [ RunTime:0.001000s ]
[ sql ] [ SQL ] SELECT * FROM `grade` WHERE  `mid` = 38 [ RunTime:0.001000s ]
[ sql ] [ SQL ] SELECT * FROM `grade` WHERE  `mid` = 39 [ RunTime:0.001000s ]
[ sql ] [ SQL ] SELECT * FROM `grade` WHERE  `mid` = 41 [ RunTime:0.001000s ]
[ sql ] [ SQL ] SELECT * FROM `grade` WHERE  `mid` = 45 [ RunTime:0.001000s ]
[ sql ] [ SQL ] SELECT * FROM `grade` WHERE  `mid` = 46 [ RunTime:0.001000s ]
[ sql ] [ SQL ] SELECT COUNT(*) AS tp_count FROM `movies` WHERE  `display` = 0  AND `status` = 1 LIMIT 1 [ RunTime:0.001000s ]
[ sql ] [ SQL ] SELECT * FROM `movies` WHERE  `display` = 0  AND `status` = 0 [ RunTime:0.001000s ]
[ sql ] [ SQL ] SELECT * FROM `grade` WHERE  `mid` = 27  AND `g_status` = 0 [ RunTime:0.001000s ]
[ sql ] [ SQL ] SELECT * FROM `grade` WHERE  `mid` = 28  AND `g_status` = 0 [ RunTime:0.001000s ]
[ sql ] [ SQL ] SELECT * FROM `grade` WHERE  `mid` = 29  AND `g_status` = 0 [ RunTime:0.001000s ]
[ sql ] [ SQL ] SELECT * FROM `grade` WHERE  `mid` = 30  AND `g_status` = 0 [ RunTime:0.001000s ]
[ sql ] [ SQL ] SELECT * FROM `grade` WHERE  `mid` = 40  AND `g_status` = 0 [ RunTime:0.001000s ]
[ sql ] [ SQL ] SELECT * FROM `grade` WHERE  `mid` = 42  AND `g_status` = 0 [ RunTime:0.000000s ]
[ sql ] [ SQL ] SELECT * FROM `grade` WHERE  `mid` = 43  AND `g_status` = 0 [ RunTime:0.001000s ]
[ sql ] [ SQL ] SELECT * FROM `grade` WHERE  `mid` = 44  AND `g_status` = 0 [ RunTime:0.001000s ]
[ sql ] [ SQL ] SELECT * FROM `grade` WHERE  `mid` = 47  AND `g_status` = 0 [ RunTime:0.001000s ]
[ sql ] [ SQL ] SELECT * FROM `grade` WHERE  `mid` = 48  AND `g_status` = 0 [ RunTime:0.000000s ]
[ sql ] [ SQL ] SELECT * FROM `grade` WHERE  `mid` = 49  AND `g_status` = 0 [ RunTime:0.001001s ]
[ sql ] [ SQL ] SELECT COUNT(*) AS tp_count FROM `movies` WHERE  `display` = 0  AND `status` = 0 LIMIT 1 [ RunTime:0.001000s ]
[ sql ] [ SQL ] SHOW COLUMNS FROM `carousel` [ RunTime:0.008000s ]
[ sql ] [ SQL ] SELECT * FROM `carousel` WHERE  `status` = 0 LIMIT 0,6 [ RunTime:0.001000s ]
[ sql ] [ SQL ] SHOW COLUMNS FROM `ads` [ RunTime:0.010001s ]
[ sql ] [ SQL ] SELECT * FROM `ads` ORDER BY `id` DESC LIMIT 1 [ RunTime:0.003000s ]
[ sql ] [ SQL ] SHOW COLUMNS FROM `users_info` [ RunTime:0.023001s ]
[ sql ] [ SQL ] SELECT * FROM `users_info` WHERE  `uid` IS NULL LIMIT 1 [ RunTime:0.002001s ]
[ sql ] [ SQL ] SHOW COLUMNS FROM `links` [ RunTime:0.008000s ]
[ sql ] [ SQL ] SELECT * FROM `links` WHERE  `display` = 0 ORDER BY `lsort` ASC [ RunTime:0.002000s ]
